0 info it worked if it ends with ok
1 verbose cli [ '/Users/gszabo/.nvm/versions/node/v6.11.1/bin/node',
1 verbose cli   '/Users/gszabo/.nvm/versions/node/v6.11.1/bin/npm',
1 verbose cli   'start' ]
2 info using npm@3.10.10
3 info using node@v6.11.1
4 verbose run-script [ 'prestart', 'start', 'poststart' ]
5 info lifecycle elm-react-demo@0.0.1~prestart: elm-react-demo@0.0.1
6 silly lifecycle elm-react-demo@0.0.1~prestart: no script for prestart, continuing
7 info lifecycle elm-react-demo@0.0.1~start: elm-react-demo@0.0.1
8 verbose lifecycle elm-react-demo@0.0.1~start: unsafe-perm in lifecycle true
9 verbose lifecycle elm-react-demo@0.0.1~start: PATH: /Users/gszabo/.nvm/versions/node/v6.11.1/lib/node_modules/npm/bin/node-gyp-bin:/Users/gszabo/Others/elm-react/demo/node_modules/.bin:/Users/gszabo/.rvm/gems/ruby-2.5.0/bin:/Users/gszabo/.rvm/gems/ruby-2.5.0@global/bin:/Users/gszabo/.rvm/rubies/ruby-2.5.0/bin:/opt/local/bin:/opt/local/sbin:/usr/local/bin:/usr/bin:/bin:/usr/sbin:/sbin:/opt/X11/bin:/Users/gszabo/.rvm/gems/ruby-2.5.0/bin:/Users/gszabo/.rvm/gems/ruby-2.5.0@global/bin:/Users/gszabo/.rvm/rubies/ruby-2.5.0/bin:/opt/local/bin:/opt/local/sbin:/Users/gszabo/.nvm/versions/node/v6.11.1/bin:/Users/gszabo/.rvm/bin:/Users/gszabo/.rvm/bin
10 verbose lifecycle elm-react-demo@0.0.1~start: CWD: /Users/gszabo/Others/elm-react/demo
11 silly lifecycle elm-react-demo@0.0.1~start: Args: [ '-c', 'webpack-dev-server --mode development' ]
12 silly lifecycle elm-react-demo@0.0.1~start: Returned: code: 1  signal: null
13 info lifecycle elm-react-demo@0.0.1~start: Failed to exec start script
14 verbose stack Error: elm-react-demo@0.0.1 start: `webpack-dev-server --mode development`
14 verbose stack Exit status 1
14 verbose stack     at EventEmitter.<anonymous> (/Users/gszabo/.nvm/versions/node/v6.11.1/lib/node_modules/npm/lib/utils/lifecycle.js:255:16)
14 verbose stack     at emitTwo (events.js:106:13)
14 verbose stack     at EventEmitter.emit (events.js:191:7)
14 verbose stack     at ChildProcess.<anonymous> (/Users/gszabo/.nvm/versions/node/v6.11.1/lib/node_modules/npm/lib/utils/spawn.js:40:14)
14 verbose stack     at emitTwo (events.js:106:13)
14 verbose stack     at ChildProcess.emit (events.js:191:7)
14 verbose stack     at maybeClose (internal/child_process.js:891:16)
14 verbose stack     at Process.ChildProcess._handle.onexit (internal/child_process.js:226:5)
15 verbose pkgid elm-react-demo@0.0.1
16 verbose cwd /Users/gszabo/Others/elm-react/demo
17 error Darwin 17.4.0
18 error argv "/Users/gszabo/.nvm/versions/node/v6.11.1/bin/node" "/Users/gszabo/.nvm/versions/node/v6.11.1/bin/npm" "start"
19 error node v6.11.1
20 error npm  v3.10.10
21 error code ELIFECYCLE
22 error elm-react-demo@0.0.1 start: `webpack-dev-server --mode development`
22 error Exit status 1
23 error Failed at the elm-react-demo@0.0.1 start script 'webpack-dev-server --mode development'.
23 error Make sure you have the latest version of node.js and npm installed.
23 error If you do, this is most likely a problem with the elm-react-demo package,
23 error not with npm itself.
23 error Tell the author that this fails on your system:
23 error     webpack-dev-server --mode development
23 error You can get information on how to open an issue for this project with:
23 error     npm bugs elm-react-demo
23 error Or if that isn't available, you can get their info via:
23 error     npm owner ls elm-react-demo
23 error There is likely additional logging output above.
24 verbose exit [ 1, true ]
